-------------------------------------------------------------------------------
Test set: org.opendaylight.odlparent.featuretest.SingleFeatureTest
-------------------------------------------------------------------------------
Tests run: 5, Failures: 0, Errors: 4, Skipped: 0, Time elapsed: 58.289 sec <<< FAILURE! - in org.opendaylight.odlparent.featuretest.SingleFeatureTest
installFeature(org.opendaylight.odlparent.featuretest.SingleFeatureTest)[repoUrl: file:/home/directv/ncadaptor/features/target/classes/features.xml, Feature: odl-ncadaptor-drools 1.0-SNAPSHOT]  Time elapsed: 10.618 sec  <<< ERROR!
java.lang.ClassNotFoundException: org.opendaylight.yang.gen.v1.urn.opendaylight.params.xml.ns.yang.ncadaptor.rev150105.get.node.instance.output.NodeOperDataBuilder not found by ncadaptor-drools [116]
	at org.apache.felix.framework.BundleWiringImpl.findClassOrResourceByDelegation(BundleWiringImpl.java:1532)
	at org.apache.felix.framework.BundleWiringImpl.access$400(BundleWiringImpl.java:75)
	at org.apache.felix.framework.BundleWiringImpl$BundleClassLoader.loadClass(BundleWiringImpl.java:1955)
	at java.lang.ClassLoader.loadClass(ClassLoader.java:357)
	at org.opendaylight.ncadaptor.drools.osgi.NcadaptorDroolsImpl.fireRulesKieSession(NcadaptorDroolsImpl.java:13)
	at org.opendaylight.ncadaptor.drools.osgi.NcadaptorDroolsOsgiActivator.start(NcadaptorDroolsOsgiActivator.java:33)
	at org.apache.felix.framework.util.SecureAction.startActivator(SecureAction.java:645)
	at org.apache.felix.framework.Felix.activateBundle(Felix.java:2146)
	at org.apache.felix.framework.Felix.startBundle(Felix.java:2064)
	at org.apache.felix.framework.BundleImpl.start(BundleImpl.java:955)
	at org.apache.felix.framework.BundleImpl.start(BundleImpl.java:942)
	at org.apache.karaf.features.internal.FeaturesServiceImpl.startBundle(FeaturesServiceImpl.java:477)
	at org.apache.karaf.features.internal.FeaturesServiceImpl.installFeatures(FeaturesServiceImpl.java:435)
	at org.apache.karaf.features.internal.FeaturesServiceImpl.installFeature(FeaturesServiceImpl.java:375)
	at org.apache.karaf.features.internal.FeaturesServiceImpl.installFeature(FeaturesServiceImpl.java:364)
	at org.apache.karaf.features.internal.FeaturesServiceImpl.installFeature(FeaturesServiceImpl.java:347)
	at Proxybc55e273_6390_41e8_b349_31ee5c9bc8cc.installFeature(Unknown Source)
	at org.opendaylight.odlparent.featuretest.SingleFeatureTest.installFeature(SingleFeatureTest.java:207)
	at sun.reflect.NativeMethodAccessorImpl.invoke0(Native Method)
	at sun.reflect.NativeMethodAccessorImpl.invoke(NativeMethodAccessorImpl.java:62)
	at sun.reflect.DelegatingMethodAccessorImpl.invoke(DelegatingMethodAccessorImpl.java:43)
	at java.lang.reflect.Method.invoke(Method.java:498)
	at org.junit.runners.model.FrameworkMethod$1.runReflectiveCall(FrameworkMethod.java:50)
	at org.junit.internal.runners.model.ReflectiveCallable.run(ReflectiveCallable.java:12)
	at org.junit.runners.model.FrameworkMethod.invokeExplosively(FrameworkMethod.java:47)
	at org.junit.internal.runners.statements.InvokeMethod.evaluate(InvokeMethod.java:17)
	at org.junit.internal.runners.statements.RunBefores.evaluate(RunBefores.java:26)
	at org.junit.runners.ParentRunner.runLeaf(ParentRunner.java:325)
	at org.junit.runners.BlockJUnit4ClassRunner.runChild(BlockJUnit4ClassRunner.java:78)
	at org.ops4j.pax.exam.invoker.junit.internal.ContainerTestRunner.runChild(ContainerTestRunner.java:68)
	at org.ops4j.pax.exam.invoker.junit.internal.ContainerTestRunner.runChild(ContainerTestRunner.java:37)
	at org.junit.runners.ParentRunner$3.run(ParentRunner.java:290)
	at org.junit.runners.ParentRunner$1.schedule(ParentRunner.java:71)
	at org.junit.runners.ParentRunner.runChildren(ParentRunner.java:288)
	at org.junit.runners.ParentRunner.access$000(ParentRunner.java:58)
	at org.junit.runners.ParentRunner$2.evaluate(ParentRunner.java:268)
	at org.junit.runners.ParentRunner.run(ParentRunner.java:363)
	at org.junit.runner.JUnitCore.run(JUnitCore.java:137)
	at org.junit.runner.JUnitCore.run(JUnitCore.java:115)
	at org.ops4j.pax.exam.invoker.junit.internal.JUnitProbeInvoker.invokeViaJUnit(JUnitProbeInvoker.java:124)
	at org.ops4j.pax.exam.invoker.junit.internal.JUnitProbeInvoker.findAndInvoke(JUnitProbeInvoker.java:97)
	at org.ops4j.pax.exam.invoker.junit.internal.JUnitProbeInvoker.call(JUnitProbeInvoker.java:73)
	at sun.reflect.NativeMethodAccessorImpl.invoke0(Native Method)
	at sun.reflect.NativeMethodAccessorImpl.invoke(NativeMethodAccessorImpl.java:62)
	at sun.reflect.DelegatingMethodAccessorImpl.invoke(DelegatingMethodAccessorImpl.java:43)
	at java.lang.reflect.Method.invoke(Method.java:498)
	at org.ops4j.pax.exam.rbc.internal.RemoteBundleContextImpl.remoteCall(RemoteBundleContextImpl.java:80)
	at sun.reflect.NativeMethodAccessorImpl.invoke0(Native Method)
	at sun.reflect.NativeMethodAccessorImpl.invoke(NativeMethodAccessorImpl.java:62)
	at sun.reflect.DelegatingMethodAccessorImpl.invoke(DelegatingMethodAccessorImpl.java:43)
	at java.lang.reflect.Method.invoke(Method.java:498)
	at sun.rmi.server.UnicastServerRef.dispatch(UnicastServerRef.java:324)
	at sun.rmi.transport.Transport$1.run(Transport.java:200)
	at sun.rmi.transport.Transport$1.run(Transport.java:197)
	at java.security.AccessController.doPrivileged(Native Method)
	at sun.rmi.transport.Transport.serviceCall(Transport.java:196)
	at sun.rmi.transport.tcp.TCPTransport.handleMessages(TCPTransport.java:568)
	at sun.rmi.transport.tcp.TCPTransport$ConnectionHandler.run0(TCPTransport.java:826)
	at sun.rmi.transport.tcp.TCPTransport$ConnectionHandler.lambda$run$0(TCPTransport.java:683)
	at java.security.AccessController.doPrivileged(Native Method)
	at sun.rmi.transport.tcp.TCPTransport$ConnectionHandler.run(TCPTransport.java:682)
	at java.util.concurrent.ThreadPoolExecutor.runWorker(ThreadPoolExecutor.java:1142)
	at java.util.concurrent.ThreadPoolExecutor$Worker.run(ThreadPoolExecutor.java:617)
	at java.lang.Thread.run(Thread.java:745)

installFeature(org.opendaylight.odlparent.featuretest.SingleFeatureTest)[repoUrl: file:/home/directv/ncadaptor/features/target/classes/features.xml, Feature: odl-ncadaptor 1.0-SNAPSHOT]  Time elapsed: 14.679 sec  <<< ERROR!
java.lang.ClassNotFoundException: org.opendaylight.yang.gen.v1.urn.opendaylight.params.xml.ns.yang.ncadaptor.rev150105.get.node.instance.output.NodeOperDataBuilder not found by ncadaptor-drools [116]
	at org.apache.felix.framework.BundleWiringImpl.findClassOrResourceByDelegation(BundleWiringImpl.java:1532)
	at org.apache.felix.framework.BundleWiringImpl.access$400(BundleWiringImpl.java:75)
	at org.apache.felix.framework.BundleWiringImpl$BundleClassLoader.loadClass(BundleWiringImpl.java:1955)
	at java.lang.ClassLoader.loadClass(ClassLoader.java:357)
	at org.opendaylight.ncadaptor.drools.osgi.NcadaptorDroolsImpl.fireRulesKieSession(NcadaptorDroolsImpl.java:13)
	at org.opendaylight.ncadaptor.drools.osgi.NcadaptorDroolsOsgiActivator.start(NcadaptorDroolsOsgiActivator.java:33)
	at org.apache.felix.framework.util.SecureAction.startActivator(SecureAction.java:645)
	at org.apache.felix.framework.Felix.activateBundle(Felix.java:2146)
	at org.apache.felix.framework.Felix.startBundle(Felix.java:2064)
	at org.apache.felix.framework.BundleImpl.start(BundleImpl.java:955)
	at org.apache.felix.framework.BundleImpl.start(BundleImpl.java:942)
	at org.apache.karaf.features.internal.FeaturesServiceImpl.startBundle(FeaturesServiceImpl.java:477)
	at org.apache.karaf.features.internal.FeaturesServiceImpl.installFeatures(FeaturesServiceImpl.java:435)
	at org.apache.karaf.features.internal.FeaturesServiceImpl.installFeature(FeaturesServiceImpl.java:375)
	at org.apache.karaf.features.internal.FeaturesServiceImpl.installFeature(FeaturesServiceImpl.java:364)
	at org.apache.karaf.features.internal.FeaturesServiceImpl.installFeature(FeaturesServiceImpl.java:347)
	at Proxy06832f6a_53c3_4504_817d_8be575697125.installFeature(Unknown Source)
	at org.opendaylight.odlparent.featuretest.SingleFeatureTest.installFeature(SingleFeatureTest.java:207)
	at sun.reflect.NativeMethodAccessorImpl.invoke0(Native Method)
	at sun.reflect.NativeMethodAccessorImpl.invoke(NativeMethodAccessorImpl.java:62)
	at sun.reflect.DelegatingMethodAccessorImpl.invoke(DelegatingMethodAccessorImpl.java:43)
	at java.lang.reflect.Method.invoke(Method.java:498)
	at org.junit.runners.model.FrameworkMethod$1.runReflectiveCall(FrameworkMethod.java:50)
	at org.junit.internal.runners.model.ReflectiveCallable.run(ReflectiveCallable.java:12)
	at org.junit.runners.model.FrameworkMethod.invokeExplosively(FrameworkMethod.java:47)
	at org.junit.internal.runners.statements.InvokeMethod.evaluate(InvokeMethod.java:17)
	at org.junit.internal.runners.statements.RunBefores.evaluate(RunBefores.java:26)
	at org.junit.runners.ParentRunner.runLeaf(ParentRunner.java:325)
	at org.junit.runners.BlockJUnit4ClassRunner.runChild(BlockJUnit4ClassRunner.java:78)
	at org.ops4j.pax.exam.invoker.junit.internal.ContainerTestRunner.runChild(ContainerTestRunner.java:68)
	at org.ops4j.pax.exam.invoker.junit.internal.ContainerTestRunner.runChild(ContainerTestRunner.java:37)
	at org.junit.runners.ParentRunner$3.run(ParentRunner.java:290)
	at org.junit.runners.ParentRunner$1.schedule(ParentRunner.java:71)
	at org.junit.runners.ParentRunner.runChildren(ParentRunner.java:288)
	at org.junit.runners.ParentRunner.access$000(ParentRunner.java:58)
	at org.junit.runners.ParentRunner$2.evaluate(ParentRunner.java:268)
	at org.junit.runners.ParentRunner.run(ParentRunner.java:363)
	at org.junit.runner.JUnitCore.run(JUnitCore.java:137)
	at org.junit.runner.JUnitCore.run(JUnitCore.java:115)
	at org.ops4j.pax.exam.invoker.junit.internal.JUnitProbeInvoker.invokeViaJUnit(JUnitProbeInvoker.java:124)
	at org.ops4j.pax.exam.invoker.junit.internal.JUnitProbeInvoker.findAndInvoke(JUnitProbeInvoker.java:97)
	at org.ops4j.pax.exam.invoker.junit.internal.JUnitProbeInvoker.call(JUnitProbeInvoker.java:73)
	at sun.reflect.NativeMethodAccessorImpl.invoke0(Native Method)
	at sun.reflect.NativeMethodAccessorImpl.invoke(NativeMethodAccessorImpl.java:62)
	at sun.reflect.DelegatingMethodAccessorImpl.invoke(DelegatingMethodAccessorImpl.java:43)
	at java.lang.reflect.Method.invoke(Method.java:498)
	at org.ops4j.pax.exam.rbc.internal.RemoteBundleContextImpl.remoteCall(RemoteBundleContextImpl.java:80)
	at sun.reflect.NativeMethodAccessorImpl.invoke0(Native Method)
	at sun.reflect.NativeMethodAccessorImpl.invoke(NativeMethodAccessorImpl.java:62)
	at sun.reflect.DelegatingMethodAccessorImpl.invoke(DelegatingMethodAccessorImpl.java:43)
	at java.lang.reflect.Method.invoke(Method.java:498)
	at sun.rmi.server.UnicastServerRef.dispatch(UnicastServerRef.java:324)
	at sun.rmi.transport.Transport$1.run(Transport.java:200)
	at sun.rmi.transport.Transport$1.run(Transport.java:197)
	at java.security.AccessController.doPrivileged(Native Method)
	at sun.rmi.transport.Transport.serviceCall(Transport.java:196)
	at sun.rmi.transport.tcp.TCPTransport.handleMessages(TCPTransport.java:568)
	at sun.rmi.transport.tcp.TCPTransport$ConnectionHandler.run0(TCPTransport.java:826)
	at sun.rmi.transport.tcp.TCPTransport$ConnectionHandler.lambda$run$0(TCPTransport.java:683)
	at java.security.AccessController.doPrivileged(Native Method)
	at sun.rmi.transport.tcp.TCPTransport$ConnectionHandler.run(TCPTransport.java:682)
	at java.util.concurrent.ThreadPoolExecutor.runWorker(ThreadPoolExecutor.java:1142)
	at java.util.concurrent.ThreadPoolExecutor$Worker.run(ThreadPoolExecutor.java:617)
	at java.lang.Thread.run(Thread.java:745)

installFeature(org.opendaylight.odlparent.featuretest.SingleFeatureTest)[repoUrl: file:/home/directv/ncadaptor/features/target/classes/features.xml, Feature: odl-ncadaptor-rest 1.0-SNAPSHOT]  Time elapsed: 12.176 sec  <<< ERROR!
java.lang.ClassNotFoundException: org.opendaylight.yang.gen.v1.urn.opendaylight.params.xml.ns.yang.ncadaptor.rev150105.get.node.instance.output.NodeOperDataBuilder not found by ncadaptor-drools [116]
	at org.apache.felix.framework.BundleWiringImpl.findClassOrResourceByDelegation(BundleWiringImpl.java:1532)
	at org.apache.felix.framework.BundleWiringImpl.access$400(BundleWiringImpl.java:75)
	at org.apache.felix.framework.BundleWiringImpl$BundleClassLoader.loadClass(BundleWiringImpl.java:1955)
	at java.lang.ClassLoader.loadClass(ClassLoader.java:357)
	at org.opendaylight.ncadaptor.drools.osgi.NcadaptorDroolsImpl.fireRulesKieSession(NcadaptorDroolsImpl.java:13)
	at org.opendaylight.ncadaptor.drools.osgi.NcadaptorDroolsOsgiActivator.start(NcadaptorDroolsOsgiActivator.java:33)
	at org.apache.felix.framework.util.SecureAction.startActivator(SecureAction.java:645)
	at org.apache.felix.framework.Felix.activateBundle(Felix.java:2146)
	at org.apache.felix.framework.Felix.startBundle(Felix.java:2064)
	at org.apache.felix.framework.BundleImpl.start(BundleImpl.java:955)
	at org.apache.felix.framework.BundleImpl.start(BundleImpl.java:942)
	at org.apache.karaf.features.internal.FeaturesServiceImpl.startBundle(FeaturesServiceImpl.java:477)
	at org.apache.karaf.features.internal.FeaturesServiceImpl.installFeatures(FeaturesServiceImpl.java:435)
	at org.apache.karaf.features.internal.FeaturesServiceImpl.installFeature(FeaturesServiceImpl.java:375)
	at org.apache.karaf.features.internal.FeaturesServiceImpl.installFeature(FeaturesServiceImpl.java:364)
	at org.apache.karaf.features.internal.FeaturesServiceImpl.installFeature(FeaturesServiceImpl.java:347)
	at Proxy8dcf1a81_deef_44d9_ac01_cebd46d359bc.installFeature(Unknown Source)
	at org.opendaylight.odlparent.featuretest.SingleFeatureTest.installFeature(SingleFeatureTest.java:207)
	at sun.reflect.NativeMethodAccessorImpl.invoke0(Native Method)
	at sun.reflect.NativeMethodAccessorImpl.invoke(NativeMethodAccessorImpl.java:62)
	at sun.reflect.DelegatingMethodAccessorImpl.invoke(DelegatingMethodAccessorImpl.java:43)
	at java.lang.reflect.Method.invoke(Method.java:498)
	at org.junit.runners.model.FrameworkMethod$1.runReflectiveCall(FrameworkMethod.java:50)
	at org.junit.internal.runners.model.ReflectiveCallable.run(ReflectiveCallable.java:12)
	at org.junit.runners.model.FrameworkMethod.invokeExplosively(FrameworkMethod.java:47)
	at org.junit.internal.runners.statements.InvokeMethod.evaluate(InvokeMethod.java:17)
	at org.junit.internal.runners.statements.RunBefores.evaluate(RunBefores.java:26)
	at org.junit.runners.ParentRunner.runLeaf(ParentRunner.java:325)
	at org.junit.runners.BlockJUnit4ClassRunner.runChild(BlockJUnit4ClassRunner.java:78)
	at org.ops4j.pax.exam.invoker.junit.internal.ContainerTestRunner.runChild(ContainerTestRunner.java:68)
	at org.ops4j.pax.exam.invoker.junit.internal.ContainerTestRunner.runChild(ContainerTestRunner.java:37)
	at org.junit.runners.ParentRunner$3.run(ParentRunner.java:290)
	at org.junit.runners.ParentRunner$1.schedule(ParentRunner.java:71)
	at org.junit.runners.ParentRunner.runChildren(ParentRunner.java:288)
	at org.junit.runners.ParentRunner.access$000(ParentRunner.java:58)
	at org.junit.runners.ParentRunner$2.evaluate(ParentRunner.java:268)
	at org.junit.runners.ParentRunner.run(ParentRunner.java:363)
	at org.junit.runner.JUnitCore.run(JUnitCore.java:137)
	at org.junit.runner.JUnitCore.run(JUnitCore.java:115)
	at org.ops4j.pax.exam.invoker.junit.internal.JUnitProbeInvoker.invokeViaJUnit(JUnitProbeInvoker.java:124)
	at org.ops4j.pax.exam.invoker.junit.internal.JUnitProbeInvoker.findAndInvoke(JUnitProbeInvoker.java:97)
	at org.ops4j.pax.exam.invoker.junit.internal.JUnitProbeInvoker.call(JUnitProbeInvoker.java:73)
	at sun.reflect.NativeMethodAccessorImpl.invoke0(Native Method)
	at sun.reflect.NativeMethodAccessorImpl.invoke(NativeMethodAccessorImpl.java:62)
	at sun.reflect.DelegatingMethodAccessorImpl.invoke(DelegatingMethodAccessorImpl.java:43)
	at java.lang.reflect.Method.invoke(Method.java:498)
	at org.ops4j.pax.exam.rbc.internal.RemoteBundleContextImpl.remoteCall(RemoteBundleContextImpl.java:80)
	at sun.reflect.NativeMethodAccessorImpl.invoke0(Native Method)
	at sun.reflect.NativeMethodAccessorImpl.invoke(NativeMethodAccessorImpl.java:62)
	at sun.reflect.DelegatingMethodAccessorImpl.invoke(DelegatingMethodAccessorImpl.java:43)
	at java.lang.reflect.Method.invoke(Method.java:498)
	at sun.rmi.server.UnicastServerRef.dispatch(UnicastServerRef.java:324)
	at sun.rmi.transport.Transport$1.run(Transport.java:200)
	at sun.rmi.transport.Transport$1.run(Transport.java:197)
	at java.security.AccessController.doPrivileged(Native Method)
	at sun.rmi.transport.Transport.serviceCall(Transport.java:196)
	at sun.rmi.transport.tcp.TCPTransport.handleMessages(TCPTransport.java:568)
	at sun.rmi.transport.tcp.TCPTransport$ConnectionHandler.run0(TCPTransport.java:826)
	at sun.rmi.transport.tcp.TCPTransport$ConnectionHandler.lambda$run$0(TCPTransport.java:683)
	at java.security.AccessController.doPrivileged(Native Method)
	at sun.rmi.transport.tcp.TCPTransport$ConnectionHandler.run(TCPTransport.java:682)
	at java.util.concurrent.ThreadPoolExecutor.runWorker(ThreadPoolExecutor.java:1142)
	at java.util.concurrent.ThreadPoolExecutor$Worker.run(ThreadPoolExecutor.java:617)
	at java.lang.Thread.run(Thread.java:745)

installFeature(org.opendaylight.odlparent.featuretest.SingleFeatureTest)[repoUrl: file:/home/directv/ncadaptor/features/target/classes/features.xml, Feature: odl-ncadaptor-ui 1.0-SNAPSHOT]  Time elapsed: 13.587 sec  <<< ERROR!
java.lang.ClassNotFoundException: org.opendaylight.yang.gen.v1.urn.opendaylight.params.xml.ns.yang.ncadaptor.rev150105.get.node.instance.output.NodeOperDataBuilder not found by ncadaptor-drools [116]
	at org.apache.felix.framework.BundleWiringImpl.findClassOrResourceByDelegation(BundleWiringImpl.java:1532)
	at org.apache.felix.framework.BundleWiringImpl.access$400(BundleWiringImpl.java:75)
	at org.apache.felix.framework.BundleWiringImpl$BundleClassLoader.loadClass(BundleWiringImpl.java:1955)
	at java.lang.ClassLoader.loadClass(ClassLoader.java:357)
	at org.opendaylight.ncadaptor.drools.osgi.NcadaptorDroolsImpl.fireRulesKieSession(NcadaptorDroolsImpl.java:13)
	at org.opendaylight.ncadaptor.drools.osgi.NcadaptorDroolsOsgiActivator.start(NcadaptorDroolsOsgiActivator.java:33)
	at org.apache.felix.framework.util.SecureAction.startActivator(SecureAction.java:645)
	at org.apache.felix.framework.Felix.activateBundle(Felix.java:2146)
	at org.apache.felix.framework.Felix.startBundle(Felix.java:2064)
	at org.apache.felix.framework.BundleImpl.start(BundleImpl.java:955)
	at org.apache.felix.framework.BundleImpl.start(BundleImpl.java:942)
	at org.apache.karaf.features.internal.FeaturesServiceImpl.startBundle(FeaturesServiceImpl.java:477)
	at org.apache.karaf.features.internal.FeaturesServiceImpl.installFeatures(FeaturesServiceImpl.java:435)
	at org.apache.karaf.features.internal.FeaturesServiceImpl.installFeature(FeaturesServiceImpl.java:375)
	at org.apache.karaf.features.internal.FeaturesServiceImpl.installFeature(FeaturesServiceImpl.java:364)
	at org.apache.karaf.features.internal.FeaturesServiceImpl.installFeature(FeaturesServiceImpl.java:347)
	at Proxy92dcc25f_3cbe_4b4c_8d8e_fca2f148f993.installFeature(Unknown Source)
	at org.opendaylight.odlparent.featuretest.SingleFeatureTest.installFeature(SingleFeatureTest.java:207)
	at sun.reflect.NativeMethodAccessorImpl.invoke0(Native Method)
	at sun.reflect.NativeMethodAccessorImpl.invoke(NativeMethodAccessorImpl.java:62)
	at sun.reflect.DelegatingMethodAccessorImpl.invoke(DelegatingMethodAccessorImpl.java:43)
	at java.lang.reflect.Method.invoke(Method.java:498)
	at org.junit.runners.model.FrameworkMethod$1.runReflectiveCall(FrameworkMethod.java:50)
	at org.junit.internal.runners.model.ReflectiveCallable.run(ReflectiveCallable.java:12)
	at org.junit.runners.model.FrameworkMethod.invokeExplosively(FrameworkMethod.java:47)
	at org.junit.internal.runners.statements.InvokeMethod.evaluate(InvokeMethod.java:17)
	at org.junit.internal.runners.statements.RunBefores.evaluate(RunBefores.java:26)
	at org.junit.runners.ParentRunner.runLeaf(ParentRunner.java:325)
	at org.junit.runners.BlockJUnit4ClassRunner.runChild(BlockJUnit4ClassRunner.java:78)
	at org.ops4j.pax.exam.invoker.junit.internal.ContainerTestRunner.runChild(ContainerTestRunner.java:68)
	at org.ops4j.pax.exam.invoker.junit.internal.ContainerTestRunner.runChild(ContainerTestRunner.java:37)
	at org.junit.runners.ParentRunner$3.run(ParentRunner.java:290)
	at org.junit.runners.ParentRunner$1.schedule(ParentRunner.java:71)
	at org.junit.runners.ParentRunner.runChildren(ParentRunner.java:288)
	at org.junit.runners.ParentRunner.access$000(ParentRunner.java:58)
	at org.junit.runners.ParentRunner$2.evaluate(ParentRunner.java:268)
	at org.junit.runners.ParentRunner.run(ParentRunner.java:363)
	at org.junit.runner.JUnitCore.run(JUnitCore.java:137)
	at org.junit.runner.JUnitCore.run(JUnitCore.java:115)
	at org.ops4j.pax.exam.invoker.junit.internal.JUnitProbeInvoker.invokeViaJUnit(JUnitProbeInvoker.java:124)
	at org.ops4j.pax.exam.invoker.junit.internal.JUnitProbeInvoker.findAndInvoke(JUnitProbeInvoker.java:97)
	at org.ops4j.pax.exam.invoker.junit.internal.JUnitProbeInvoker.call(JUnitProbeInvoker.java:73)
	at sun.reflect.NativeMethodAccessorImpl.invoke0(Native Method)
	at sun.reflect.NativeMethodAccessorImpl.invoke(NativeMethodAccessorImpl.java:62)
	at sun.reflect.DelegatingMethodAccessorImpl.invoke(DelegatingMethodAccessorImpl.java:43)
	at java.lang.reflect.Method.invoke(Method.java:498)
	at org.ops4j.pax.exam.rbc.internal.RemoteBundleContextImpl.remoteCall(RemoteBundleContextImpl.java:80)
	at sun.reflect.NativeMethodAccessorImpl.invoke0(Native Method)
	at sun.reflect.NativeMethodAccessorImpl.invoke(NativeMethodAccessorImpl.java:62)
	at sun.reflect.DelegatingMethodAccessorImpl.invoke(DelegatingMethodAccessorImpl.java:43)
	at java.lang.reflect.Method.invoke(Method.java:498)
	at sun.rmi.server.UnicastServerRef.dispatch(UnicastServerRef.java:324)
	at sun.rmi.transport.Transport$1.run(Transport.java:200)
	at sun.rmi.transport.Transport$1.run(Transport.java:197)
	at java.security.AccessController.doPrivileged(Native Method)
	at sun.rmi.transport.Transport.serviceCall(Transport.java:196)
	at sun.rmi.transport.tcp.TCPTransport.handleMessages(TCPTransport.java:568)
	at sun.rmi.transport.tcp.TCPTransport$ConnectionHandler.run0(TCPTransport.java:826)
	at sun.rmi.transport.tcp.TCPTransport$ConnectionHandler.lambda$run$0(TCPTransport.java:683)
	at java.security.AccessController.doPrivileged(Native Method)
	at sun.rmi.transport.tcp.TCPTransport$ConnectionHandler.run(TCPTransport.java:682)
	at java.util.concurrent.ThreadPoolExecutor.runWorker(ThreadPoolExecutor.java:1142)
	at java.util.concurrent.ThreadPoolExecutor$Worker.run(ThreadPoolExecutor.java:617)
	at java.lang.Thread.run(Thread.java:745)

